TobotLauncher/proguard-rules.pro
# Add project specific ProGuard rules here.
# By default, the flags in this file are appended to flags specified
# in D:\androidstudiosdk\Sdk/tools/proguard/proguard-android.txt
# You can edit the include path and order by changing the proguardFiles
# directive in build.gradle.
#
# For more details, see
#   http://developer.android.com/guide/developing/tools/proguard.html

# Add any project specific keep options here:

# If your project uses WebView with JS, uncomment the following
# and specify the fully qualified class name to the JavaScript interface
# class:
#-keepclassmembers class fqcn.of.javascript.interface.for.webview {
#   public *;
#}

# Uncomment this to preserve the line number information for
# debugging stack traces.
#-keepattributes SourceFile,LineNumberTable

# If you keep the line number information, uncomment this to
# hide the original source file name.
#-renamesourcefileattribute SourceFile

#############################################
# 一些基本指令的添加
#############################################

# 代码混淆压缩比，在0-7之间，默认为5，一般不做修改
-optimizationpasses 5

# 混合时不使用大小写混合，混合后的类名为小写
-dontusemixedcaseclassnames

# 不去忽略非公共库的类
-dontskipnonpubliclibraryclasses
-dontskipnonpubliclibraryclassmembers

# 混淆时是否记录日志
-verbose

# 优化，不优化输入的类文件
-dontoptimize

# 不做预校验，preverify是proguard的四个步骤之一，Android不需要preverify，去掉这一步能够加快混淆速度
-dontpreverify

# 忽略警告，否则打包可能会不成功
-ignorewarnings

# 保留sdk系统自带的一些内容 【例如：-keepattributes *Annotation* 会保留Activity的被@override注释的onCreate、onDestroy方法等】
-keepattributes Exceptions,InnerClasses,Signature,Deprecated,SourceFile,LineNumberTable,*Annotation*,EnclosingMethod

# 记录生成的日志数据,gradle build时在本项根目录输出
# apk包内所有class的内部结构
-dump proguard/class_files.txt
# 未混淆的类和成员
-printseeds proguard/seeds.txt
# 列出从apk中删除的代码
-printusage proguard/unused.txt
# 混淆前后的映射
-printmapping proguard/mapping.txt

# 优化时允许访问并修改有修饰符的类和类的成员，这可以提高优化步骤的结果。
# 比如，当内联一个公共的getter方法时，这也可能需要外地公共访问。
# 虽然java二进制规范不需要这个，要不然有的虚拟机处理这些代码会有问题。当有优化和使用-repackageclasses时才适用。
# 指示语：不能用这个指令处理库中的代码，因为有的类和类成员没有设计成public ,而在api中可能变成public
-allowaccessmodification

# 指定混淆是采用的算法，后面的参数是一个过滤器，这个过滤器是谷歌推荐的算法，一般不做更改
-optimizations !code/simplification/cast,!field/*,!class/merging/*

#############################################
# Android开发中一些需要保留的公共部分
#############################################

# 保留我们使用的四大组件，自定义的Application等等这些类不被混淆，因为这些子类都有可能被外部调用
-keep public class * extends android.app.Fragment
-keep public class * extends android.app.Activity
-keep public class * extends android.app.Appliction
-keep public class * extends android.app.Service
-keep public class * extends android.content.BroadcastReceiver
-keep public class * extends android.content.ContentProvider
-keep public class * extends android.app.backup.BackupAgentHelper
-keep public class * extends android.preference.Preference
-keep public class * extends android.view.View
-keep public class com.google.vending.licensing.ILicensingService
-keep public class com.android.vending.licensing.ILicensingService
# 保留support下的所有类及其内部类
-keep class android.support.** {*;}
-dontwarn android.support.**
# 保留继承的
-keep public class * extends android.support.v4.**
-keep public class * extends android.support.v7.**
-keep public class * extends android.support.annotation.**

# 保留本地native方法不被混淆
-keepclasseswithmembernames class * {
    native <methods>;
}

# 保持自定义控件类不被混淆
-keepclasseswithmembers class * {
    public <init>(android.content.Context,android.util.AttributeSet);
    public <init>(android.content.Context,android.util.AttributeSet,int);
}

# 保留在Activity中的方法参数是view的方法，这样以来我们在layout中写的onClick就不会被影响
-keepclassmembers class * extends android.app.Activity {
    public void *(android.view.View);
}

# 保留枚举类不被混淆
-keepclassmembers enum * {
    public static **[] values();
    public static ** valueOf(java.lang.String);
}

# 保留我们自定义控件（继承自View）不被混淆
-keepclassmembers public class * extends android.view.View {
    public <init>(android.content.Context);
    public <init>(android.content.Context, android.util.AttributeSet);
    public <init>(android.content.Context, android.util.AttributeSet, int);
    public void set*(***);
    public *** get*();
}

# 保留Parcelable序列化类不被混淆
-keep class * implements android.os.Parcelable {
    public static final android.os.Parcelable$Creator *;
}

# 保留Serializable序列化的类不被混淆
-keepclassmembers class * implements java.io.Serializable {
    static final long serialVersionUID;
    private static final java.io.ObjectStreamField[] serialPersistentFields;
    !static !transient <fields>;
    !private <fields>;
    !private <methods>;
    private void writeObject(java.io.ObjectOutputStream);
    private void readObject(java.io.ObjectInputStream);
    java.lang.Object writeReplace();
    java.lang.Object readResolve();
}

# 不混淆R文件中的所有静态字段，我们都知道R文件是通过字段来记录每个资源的id的，字段名要是被混淆了，id也就找不着了。
-keepclassmembers class **.R$* {
    public static <fields>;
}

# 对于带有回调函数的onXXEvent、**On*Listener的，不能被混淆
-keepclassmembers class * {
    void *(**On*Event);
    void *(**On*Listener);
}

# webView处理，项目中没有使用到webView忽略即可
-keepclassmembers class fqcn.of.javascript.interface.for.webview {
    public *;
}
-keepclassmembers class * extends android.webkit.webViewClient {
    public void *(android.webkit.WebView, java.lang.String, android.graphics.Bitmap);
    public boolean *(android.webkit.WebView, java.lang.String);
}
-keepclassmembers class * extends android.webkit.webViewClient {
    public void *(android.webkit.webView, jav.lang.String);
}
# 在app中与HTML5的JavaScript的交互进行特殊处理
# 我们需要确保这些js要调用的原生方法不能够被混淆，于是我们需要做如下处理：
-keepclassmembers class com.ljd.example.JSInterface {
    <methods>;
}

#############################################
# 上面是公共可用的，下面是自己项目的
# 以下提供外部调用的类和方法不被混淆
#############################################

# 一颗星表示只是保持该包下的类名，而子包下的类名还是会被混淆；两颗星表示把本包和所含子包下的类名都保持
# -dontwarn和-keep 结合使用，意思是保持com.xx.xx.**这个包里面的所有类和所有方法而不混淆

# FastJson
-dontwarn com.alibaba.fastjson.**
-keep class com.alibaba.fastjson.** { *; }

# OkHttp3
-dontwarn okhttp3.**
-keep class okhttp3.** { *; }

# Okio
-dontwarn okio.**
-keep class okio.**{*;}

# Retrofit
-dontwarn retrofit2.**
-keep class retrofit2.** { *; }
-keepattributes Signature
-keepattributes Exceptions

-dontwarn com.iflytek.**
-keep class com.iflytek.** { *; }

-keep public class android_serialport_api.SerialPort {
    public <fields>;
    public <methods>;
}

-keep public class com.tobot.device.UsbPower {
    public <fields>;
    public <methods>;
}
# 忽略混淆json使用到的bean类
-keep public class com.tobot.launcher.entity.OperatorBean { *;}
-keep public class com.tobot.launcher.entity.LoginInfo { *;}
-keep public class com.tobot.launcher.entity.WaringInfo { *;}