TobotLauncher/proguard/seeds.txt
com.tobot.launcher.module.home.LauncherService
com.tobot.launcher.entity.WaringInfo
com.tobot.launcher.module.home.LauncherService: void onLoginEvent(com.tobot.launcher.event.LoginEvent)
com.tobot.launcher.entity.LoginInfo: LoginInfo()
com.tobot.launcher.entity.OperatorBean: java.lang.String getContent()
com.tobot.launcher.LauncherActivity: LauncherActivity()
com.tobot.launcher.module.home.LauncherService: void onWifiConnectEvent(com.tobot.launcher.event.WifiConnectEvent)
com.tobot.launcher.entity.WaringInfo: void setTaskName(java.lang.String)
com.tobot.launcher.module.home.WifiReceiver
com.tobot.launcher.entity.WaringInfo: <clinit>()
com.tobot.launcher.entity.OperatorBean: java.lang.String getUpdateTime()
com.tobot.launcher.entity.LoginInfo: android.os.Parcelable$Creator CREATOR
com.tobot.launcher.base.BaseApplication
com.tobot.launcher.entity.OperatorBean
com.tobot.launcher.entity.OperatorBean: void setContent(java.lang.String)
com.tobot.launcher.entity.WaringInfo: java.lang.String getTaskName()
com.tobot.launcher.entity.OperatorBean: void setPhone(java.lang.String)
com.tobot.launcher.module.home.LauncherService: void onBatteryEvent(com.tobot.launcher.event.BatteryEvent)
com.tobot.launcher.entity.LoginInfo: void setType(int)
com.tobot.launcher.entity.OperatorBean: java.lang.String getName()
com.tobot.launcher.provider.ProviderHelper: ProviderHelper()
com.tobot.launcher.entity.OperatorBean: java.lang.String getPwd()
com.tobot.launcher.entity.LoginInfo: void setTime(java.lang.String)
com.tobot.launcher.entity.WaringInfo: java.lang.String getContent()
com.tobot.launcher.provider.ProviderHelper
com.tobot.launcher.module.home.LauncherService: void onShowBackEvent(com.tobot.launcher.event.ShowBackEvent)
com.tobot.launcher.entity.OperatorBean: java.lang.String getPhone()
com.tobot.launcher.entity.WaringInfo: java.lang.String getMapName()
com.tobot.launcher.entity.OperatorBean: java.lang.String phone
com.tobot.launcher.entity.WaringInfo: void setMapName(java.lang.String)
com.tobot.launcher.LauncherActivity
com.tobot.launcher.entity.OperatorBean: java.lang.String updateTime
com.tobot.launcher.entity.WaringInfo: java.lang.String getPointName()
com.tobot.launcher.entity.LoginInfo: int describeContents()
com.tobot.launcher.entity.LoginInfo: java.lang.String content
com.tobot.launcher.entity.OperatorBean: java.lang.String getCreateTime()
com.tobot.launcher.entity.LoginInfo: int getType()
com.tobot.launcher.module.home.LauncherService: LauncherService()
com.tobot.launcher.module.home.OptionView: OptionView(android.content.Context,android.util.AttributeSet,int)
com.tobot.launcher.entity.LoginInfo: java.lang.String time
com.tobot.launcher.entity.LoginInfo: void setContent(java.lang.String)
com.tobot.launcher.entity.OperatorBean: OperatorBean(android.os.Parcel)
com.tobot.launcher.entity.WaringInfo: java.lang.String getTime()
com.tobot.launcher.entity.LoginInfo: void setName(java.lang.String)
com.tobot.launcher.entity.WaringInfo: int describeContents()
com.tobot.launcher.entity.WaringInfo: WaringInfo()
com.tobot.launcher.entity.OperatorBean: int type
com.tobot.launcher.base.BaseApplication: BaseApplication()
com.tobot.launcher.entity.WaringInfo: void writeToParcel(android.os.Parcel,int)
com.tobot.launcher.entity.OperatorBean: void setName(java.lang.String)
com.tobot.launcher.entity.OperatorBean: java.lang.String content
com.tobot.launcher.entity.WaringInfo: android.os.Parcelable$Creator CREATOR
com.tobot.launcher.entity.WaringInfo: java.lang.String taskName
com.tobot.launcher.entity.WaringInfo: void setContent(java.lang.String)
com.tobot.launcher.entity.OperatorBean: void setPwd(java.lang.String)
com.tobot.launcher.entity.OperatorBean: void setType(int)
com.tobot.launcher.entity.LoginInfo: java.lang.String getName()
com.tobot.launcher.entity.LoginInfo: java.lang.String getContent()
com.tobot.launcher.entity.OperatorBean: java.lang.String name
com.tobot.launcher.entity.LoginInfo: <clinit>()
...
android.support.v4.view.ScrollingView: int computeVerticalScrollExtent()
android.support.v4.app.NotificationCompat$Action$Builder: NotificationCompat$Action$Builder(int,java.lang.CharSequence,android.app.PendingIntent,android.os.Bundle,android.support.v4.app.RemoteInput[],boolean)
android.support.design.widget.TabLayout: android.view.ViewGroup$LayoutParams generateLayoutParams(android.util.AttributeSet)
android.support.v7.widget.Toolbar: void onRestoreInstanceState(android.os.Parcelable)
android.support.v4.widget.SearchViewCompat: void setIconified(android.view.View,boolean)
android.support.v7.widget.RecyclerView$ViewHolder: int getItemViewType()
android.support.design.R$style: int Widget_AppCompat_Button
android.support.v4.widget.SimpleCursorAdapter: int mStringConversionColumn
android.support.v4.view.PagerTitleStrip: int mGravity
android.support.v7.app.ToolbarActionBar$MenuBuilderCallback: ToolbarActionBar$MenuBuilderCallback(android.support.v7.app.ToolbarActionBar)
android.support.v4.app.Fragment$AnimationInfo: java.lang.Object access$402(android.support.v4.app.Fragment$AnimationInfo,java.lang.Object)
android.support.v4.hardware.display.DisplayManagerCompat$LegacyImpl: android.view.WindowManager mWindowManager
android.support.v4.app.NotificationCompat$Builder: android.app.Notification mNotification
android.support.v4.widget.DrawerLayout: void addFocusables(java.util.ArrayList,int,int)
android.support.v7.view.menu.ShowableListMenu: android.widget.ListView getListView()
android.support.v7.widget.AppCompatPopupWindow: void init(android.content.Context,android.util.AttributeSet,int,int)
android.support.v7.widget.OrientationHelper$1: int getEndAfterPadding()
android.support.v7.widget.RecyclerView$ItemAnimator: boolean canReuseUpdatedViewHolder(android.support.v7.widget.RecyclerView$ViewHolder)
android.support.v4.app.ShareCompat: android.content.ComponentName getCallingActivity(android.app.Activity)
android.support.v4.view.GestureDetectorCompat$GestureDetectorCompatImplBase: android.view.MotionEvent mPreviousUpEvent
android.support.v7.view.menu.ActionMenuItem: int mGroup
android.support.design.widget.TextInputLayout: android.widget.EditText mEditText
android.support.v7.widget.AppCompatSpinner: android.support.v7.widget.ForwardingListener mForwardingListener
android.support.v4.app.ShareCompat$ShareCompatImplICS: void configureMenuItem(android.view.MenuItem,android.support.v4.app.ShareCompat$IntentBuilder)
android.support.v7.widget.ToolbarWidgetWrapper: int getDropdownSelectedPosition()
android.support.v7.app.AppCompatCallback: void onSupportActionModeFinished(android.support.v7.view.ActionMode)
android.support.v7.widget.RecyclerView$SmoothScroller$Action: void setDy(int)
android.support.v4.hardware.display.DisplayManagerCompat$LegacyImpl: android.view.Display getDisplay(int)
android.support.v4.widget.NestedScrollView: void computeScroll()
android.support.design.internal.BottomNavigationPresenter$SavedState$1: android.support.design.internal.BottomNavigationPresenter$SavedState[] newArray(int)
android.support.v4.media.TransportPerformer: int AUDIOFOCUS_GAIN_TRANSIENT_MAY_DUCK
android.support.v7.widget.StaggeredGridLayoutManager$SavedState: int[] mSpanOffsets
android.support.v4.view.accessibility.AccessibilityManagerCompatKitKat: AccessibilityManagerCompatKitKat()
android.support.v7.appcompat.R$string: int abc_action_menu_overflow_description
android.support.v7.widget.AppCompatDrawableManager: int[] TINT_COLOR_CONTROL_STATE_LIST
android.support.v4.view.MenuItemCompat$1: MenuItemCompat$1(android.support.v4.view.MenuItemCompat$OnActionExpandListener)
android.support.v4.app.BackStackRecord: int commitInternal(boolean)
android.support.graphics.drawable.AndroidResources: int styleable_AnimatedVectorDrawableTarget_animation
android.support.v4.widget.SwipeProgressBar: android.view.animation.Interpolator INTERPOLATOR
android.support.v4.content.Loader: void onForceLoad()
android.support.v7.app.ActionBar: void setDisplayOptions(int)