TobotLauncher/proguard/mapping.txt
# compiler: R8
# compiler_version: 1.5.68
# min_api: 23
# pg_map_id: 2cff536
com.tobot.launcher.LauncherActivity -> com.tobot.launcher.LauncherActivity:
    java.lang.String TAG -> b
    22:22:void <clinit>() -> <clinit>
    21:21:void <init>() -> <init>
    68:71:void onOptionItemClick(int) -> a
    51:51:void onBackPressed() -> onBackPressed
    26:34:void onCreate(android.os.Bundle) -> onCreate
    61:64:void onDestroy() -> onDestroy
    38:43:void onResume() -> onResume
    55:57:void onStop() -> onStop
com.tobot.launcher.base.BaseApplication -> com.tobot.launcher.base.BaseApplication:
    java.lang.String TAG -> a
    13:13:void <clinit>() -> <clinit>
    12:12:void <init>() -> <init>
    17:21:void onCreate() -> onCreate
com.tobot.launcher.base.BaseData -> a.b.c.a.a:
    java.lang.String mDeviceId -> a
    12:12:void <init>(com.tobot.launcher.base.BaseData$1) -> <init>
    25:26:void <init>() -> <init>
    37:38:void setDeviceId(java.lang.String) -> a
    41:41:java.lang.String getDeviceId() -> a
    33:33:com.tobot.launcher.base.BaseData getInstance() -> b
com.tobot.launcher.base.BaseData$1 -> a.b.c.a.a$a:
com.tobot.launcher.base.BaseData$BaseDataHolder -> a.b.c.a.a$b:
    com.tobot.launcher.base.BaseData INSTANCE -> a
    29:29:void <clinit>() -> <clinit>
    28:28:com.tobot.launcher.base.BaseData access$100() -> a
com.tobot.launcher.entity.LoginInfo -> com.tobot.launcher.entity.LoginInfo:
    26:26:void <clinit>() -> <clinit>
    10:10:void <init>(android.os.Parcel,com.tobot.launcher.entity.LoginInfo$1) -> <init>
    16:17:void <init>() -> <init>
    19:24:void <init>(android.os.Parcel) -> <init>
    40:40:int describeContents() -> describeContents
    76:76:java.lang.String getContent() -> getContent
    52:52:java.lang.String getName() -> getName
    60:60:java.lang.String getTime() -> getTime
    68:68:int getType() -> getType
    80:81:void setContent(java.lang.String) -> setContent
    56:57:void setName(java.lang.String) -> setName
    64:65:void setTime(java.lang.String) -> setTime
    72:73:void setType(int) -> setType
    45:49:void writeToParcel(android.os.Parcel,int) -> writeToParcel
com.tobot.launcher.entity.LoginInfo$1 -> com.tobot.launcher.entity.LoginInfo$a:
    26:26:void <init>() -> <init>
    26:26:java.lang.Object createFromParcel(android.os.Parcel) -> createFromParcel
    29:29:com.tobot.launcher.entity.LoginInfo createFromParcel(android.os.Parcel) -> createFromParcel
    26:26:java.lang.Object[] newArray(int) -> newArray
    34:34:com.tobot.launcher.entity.LoginInfo[] newArray(int) -> newArray
com.tobot.launcher.entity.OperatorBean -> com.tobot.launcher.entity.OperatorBean:
    32:32:void <clinit>() -> <clinit>
    10:10:void <init>(android.os.Parcel,com.tobot.launcher.entity.OperatorBean$1) -> <init>
    19:20:void <init>() -> <init>
    22:30:void <init>(android.os.Parcel) -> <init>
    46:46:int describeContents() -> describeContents
    109:109:java.lang.String getContent() -> getContent
    85:85:java.lang.String getCreateTime() -> getCreateTime
    61:61:java.lang.String getName() -> getName
    77:77:java.lang.String getPhone() -> getPhone
    69:69:java.lang.String getPwd() -> getPwd
    101:101:int getType() -> getType
    93:93:java.lang.String getUpdateTime() -> getUpdateTime
    113:114:void setContent(java.lang.String) -> setContent
    89:90:void setCreateTime(java.lang.String) -> setCreateTime
    65:66:void setName(java.lang.String) -> setName
    81:82:void setPhone(java.lang.String) -> setPhone
    73:74:void setPwd(java.lang.String) -> setPwd
    105:106:void setType(int) -> setType
    97:98:void setUpdateTime(java.lang.String) -> setUpdateTime
    51:58:void writeToParcel(android.os.Parcel,int) -> writeToParcel
...
android.support.v7.widget.TintTypedArray -> android.support.v7.widget.TintTypedArray:
    62:65:void <init>(android.content.Context,android.content.res.TypedArray) -> <init>
    116:116:boolean getBoolean(int,boolean) -> getBoolean
    214:214:int getChangingConfigurations() -> getChangingConfigurations
    128:128:int getColor(int,int) -> getColor
    132:142:android.content.res.ColorStateList getColorStateList(int) -> getColorStateList
    150:150:float getDimension(int,float) -> getDimension
    154:154:int getDimensionPixelOffset(int,int) -> getDimensionPixelOffset
    158:158:int getDimensionPixelSize(int,int) -> getDimensionPixelSize
    68:74:android.graphics.drawable.Drawable getDrawable(int) -> getDrawable
    78:84:android.graphics.drawable.Drawable getDrawableIfKnown(int) -> getDrawableIfKnown
    124:124:float getFloat(int,float) -> getFloat
    170:170:float getFraction(int,int,int,float) -> getFraction
    96:96:int getIndex(int) -> getIndex
    92:92:int getIndexCount() -> getIndexCount
    120:120:int getInt(int,int) -> getInt
    146:146:int getInteger(int,int) -> getInteger
    162:162:int getLayoutDimension(int,java.lang.String) -> getLayoutDimension
    166:166:int getLayoutDimension(int,int) -> getLayoutDimension
    112:112:java.lang.String getNonResourceString(int) -> getNonResourceString
    206:206:java.lang.String getPositionDescription() -> getPositionDescription
    174:174:int getResourceId(int,int) -> getResourceId
android.support.v7.widget.Toolbar -> android.support.v7.widget.Toolbar:
    225:226:void <init>(android.content.Context) -> <init>
    229:230:void <init>(android.content.Context,android.util.AttributeSet) -> <init>
    233:343:void <init>(android.content.Context,android.util.AttributeSet,int) -> <init>
    2130:2136:void addChildrenForExpandedActionView() -> addChildrenForExpandedActionView
    2018:2044:void addCustomViewsWithGravity(java.util.List,int) -> addCustomViewsWithGravity
    1389:1406:void addSystemView(android.view.View,boolean) -> addSystemView
    506:506:boolean canShowOverflowMenu() -> canShowOverflowMenu
    2100:2100:boolean checkLayoutParams(android.view.ViewGroup$LayoutParams) -> checkLayoutParams
    714:719:void collapseActionView() -> collapseActionView
    584:587:void dismissPopupMenus() -> dismissPopupMenus
    1370:1386:void ensureCollapseButtonView() -> ensureCollapseButtonView
    2167:2170:void ensureContentInsets() -> ensureContentInsets
    684:687:void ensureLogoView() -> ensureLogoView
    1032:1042:void ensureMenu() -> ensureMenu
    1045:1055:void ensureMenuView() -> ensureMenuView
    1360:1367:void ensureNavButtonView() -> ensureNavButtonView
    142:142:android.view.ViewGroup$LayoutParams generateDefaultLayoutParams() -> generateDefaultLayoutParams
    2095:2095:android.support.v7.widget.Toolbar$LayoutParams generateDefaultLayoutParams() -> generateDefaultLayoutParams
android.support.v7.widget.Toolbar$1 -> android.support.v7.widget.Toolbar$1:
    200:200:void <init>(android.support.v7.widget.Toolbar) -> <init>
    203:206:boolean onMenuItemClick(android.view.MenuItem) -> onMenuItemClick
android.support.v7.widget.Toolbar$2 -> android.support.v7.widget.Toolbar$2:
    218:218:void <init>(android.support.v7.widget.Toolbar) -> <init>
    220:221:void run() -> run
android.support.v7.widget.Toolbar$3 -> android.support.v7.widget.Toolbar$3:
    1379:1379:void <init>(android.support.v7.widget.Toolbar) -> <init>
    1382:1383:void onClick(android.view.View) -> onClick