TobotLauncher/proguard/unused.txt
com.tobot.launcher.R$styleable
com.tobot.launcher.provider.ProviderHelper
    private static final int CODE_IO
    private static final int CODE_WARING
    private static final int CODE_ERROR
com.tobot.launcher.db.MySQLiteHelper
com.tobot.launcher.R$animator
com.tobot.launcher.event.IoSendResultEvent
com.tobot.launcher.R$mipmap
com.tobot.launcher.base.BaseData
    public int getUserIdentityId()
    public void setUserIdentityId(int)
    public java.lang.String getUserName()
    public void setUserName(java.lang.String)
    public void setAdminPwd(android.content.Context,java.lang.String)
    public java.lang.String getAdminPwd(android.content.Context)
    public void setSelectIoId(android.content.Context,int)
    public int getSelectIoId(android.content.Context)
    private int mUserIdentityId
    private java.lang.String mUserName
    private java.lang.String mAdminPwd
    private int mSelectIoId
    private static final java.lang.String DEFAULT_ADMIN_PWD
    private static final java.lang.String PWD_KEY
    private static final java.lang.String IO_KEY
com.tobot.launcher.module.mode.ModeParam
    private void <init>(com.tobot.launcher.module.mode.ModeParam$Builder)
    synthetic void <init>(com.tobot.launcher.module.mode.ModeParam$Builder,com.tobot.launcher.module.mode.ModeParam$1)
    public java.lang.String getAction()
    public int getType()
    public java.lang.String getContent()
    public boolean isFlag()
    private java.lang.String action
    private int type
    private java.lang.String content
    private boolean flag
com.tobot.launcher.module.mode.ModeManager$ModeManagerHolder
    private void <init>()
com.tobot.launcher.module.home.LauncherService
    private static final int MSG_INIT
    private static final int MSG_SET_ROUTE
    private static final long TIME_DELAY_INIT
    private static final long TIME_SET_ROUTE
    private static final long TIME_SET_ROUTE_AGAIN
com.tobot.launcher.R$bool
com.tobot.launcher.event.IoTriggerEvent
com.tobot.launcher.db.MyDBSource
com.tobot.launcher.module.mode.ModeParam$1
com.tobot.launcher.module.home.NetworkHelper
    private static final int MSG_RESULT
    private static final int TIME_DELAY
    private static final int NET_STATUS_SUCCESS
    private static final int NET_STATUS_FAIL
com.tobot.launcher.R
com.tobot.launcher.event.LoginEvent
    public void <init>(boolean,java.lang.String)
    private boolean login
    private java.lang.String userName
com.tobot.launcher.R$style
com.tobot.launcher.event.DeviceWarningEvent
    public boolean isSystemEmergencyStop()
    public boolean isSystemBrakeStop()
com.tobot.launcher.module.bind.DisinfectAppBind
    public static void sendIntent(int)
    public static void monitorDevice(boolean)
com.tobot.launcher.R$integer
com.tobot.launcher.R$anim
com.tobot.launcher.base.BaseData$BaseDataHolder
    private void <init>()
com.tobot.launcher.util.ChildAppUtils
    public void <init>()
    public static void openApp(android.content.Context,java.lang.String,java.lang.String)
    public static void openApp(android.content.Context,java.lang.String,java.lang.String,java.lang.String)
    public static void openAppService(android.content.Context,java.lang.String,java.lang.String)
    public static void closeAppService(android.content.Context,java.lang.String,java.lang.String)
    public static void closeAppByBroadcast(android.content.Context)
com.tobot.launcher.R$drawable
com.tobot.launcher.module.mode.ModeConstants
com.tobot.launcher.BuildConfig
com.tobot.launcher.provider.ProviderSQLite
    private static final java.lang.String DB_NAME
    private static final int DB_VERSION
    private static final java.lang.String IO_SQL
    private static final java.lang.String WARING_SQL
    private static final java.lang.String ERROR_SQL
com.tobot.launcher.R$id
com.tobot.launcher.base.BaseConstant
com.tobot.launcher.R$layout
com.tobot.launcher.module.mode.ModeSwitch
    public void <init>()
com.tobot.launcher.R$dimen
com.tobot.launcher.R$color
...
com.bumptech.glide.load.resource.gif.GifDrawable
com.bumptech.glide.load.resource.bitmap.GlideBitmapDrawable
com.bumptech.glide.provider.DataLoadProviderRegistry
com.bumptech.glide.load.resource.bitmap.FileDescriptorBitmapDecoder
com.bumptech.glide.request.animation.GlideAnimation
com.bumptech.glide.provider.LoadProvider
org.greenrobot.eventbus.util.AsyncExecutor$Builder
com.bumptech.glide.load.engine.EngineResource$ResourceListener
com.tobot.common.base.BaseV4Dialog
    public android.text.SpannableStringBuilder getShowContent(java.lang.String,java.lang.String)
    protected static final java.lang.String DATA_KEY
com.bumptech.glide.load.engine.bitmap_recycle.LruBitmapPool
com.bumptech.glide.request.animation.DrawableCrossFadeFactory
com.bumptech.glide.request.target.GlideDrawableImageViewTarget
com.bumptech.glide.request.animation.ViewAnimationFactory$ResourceAnimationFactory
com.bumptech.glide.request.GenericRequest$Status
com.bumptech.glide.load.engine.prefill.BitmapPreFillRunner$1
com.bumptech.glide.load.model.LazyHeaderFactory
com.bumptech.glide.util.ByteArrayPool
org.greenrobot.eventbus.util.AsyncExecutor$1
com.bumptech.glide.manager.Lifecycle
    public abstract void addListener(com.bumptech.glide.manager.LifecycleListener)
com.bumptech.glide.disklrucache.DiskLruCache$Value
com.tobot.common.util.MusicPlayer$1
com.bumptech.glide.load.resource.gif.GifResourceEncoder$Factory
com.tobot.common.util.VideoThumbLoader
com.bumptech.glide.load.model.GenericLoaderFactory$1
com.bumptech.glide.load.resource.gif.GifDrawableResource
com.bumptech.glide.request.target.ImageViewTarget
com.bumptech.glide.manager.SupportRequestManagerFragment$SupportFragmentRequestManagerTreeNode
    public java.util.Set getDescendants()
com.bumptech.glide.manager.RequestManagerRetriever
    private com.bumptech.glide.RequestManager getApplicationManager(android.content.Context)
    private static void assertNotDestroyed(android.app.Activity)
    public com.bumptech.glide.RequestManager get(android.content.Context)
    public com.bumptech.glide.RequestManager get(android.support.v4.app.FragmentActivity)
    public com.bumptech.glide.RequestManager get(android.support.v4.app.Fragment)
    public com.bumptech.glide.RequestManager get(android.app.Activity)
    public com.bumptech.glide.RequestManager get(android.app.Fragment)
    com.bumptech.glide.RequestManager fragmentGet(android.content.Context,android.app.FragmentManager)
    com.bumptech.glide.RequestManager supportFragmentGet(android.content.Context,android.support.v4.app.FragmentManager)
    private volatile com.bumptech.glide.RequestManager applicationManager
    private static final java.lang.String TAG
    static final java.lang.String FRAGMENT_TAG
    private static final int ID_REMOVE_FRAGMENT_MANAGER
    private static final int ID_REMOVE_SUPPORT_FRAGMENT_MANAGER